<?xml version="1.0" encoding="UTF-8"?>
<!-- Generated by org.testng.reporters.JUnitReportReporter -->
<testsuite hostname="DESKTOP-VIIGL0A" failures="0" tests="1" name="com.hrm.qa.test.HomePageTest" time="21.971" errors="0" timestamp="20 Feb 2022 13:31:45 GMT" skipped="0">
  <testcase classname="com.hrm.qa.test.HomePageTest" name="hommeTest" time="21.971"/>
</testsuite> <!-- com.hrm.qa.test.HomePageTest -->
