<?xml version="1.0" encoding="UTF-8"?>
<!-- Generated by org.testng.reporters.JUnitReportReporter -->
<testsuite hostname="DESKTOP-VIIGL0A" failures="0" tests="1" name="com.hrm.qa.test.LoginTest" time="15.251" errors="0" timestamp="12 Feb 2022 14:21:42 GMT" skipped="0">
  <testcase classname="com.hrm.qa.test.LoginTest" name="loginToWeb" time="15.251"/>
</testsuite> <!-- com.hrm.qa.test.LoginTest -->
